C51 COMPILER V9.60.7.0   FINAL_PROJECT                                                     11/10/2023 15:22:06 PAGE 1   


C51 COMPILER V9.60.7.0, COMPILATION OF MODULE FINAL_PROJECT
OBJECT MODULE PLACED IN .\Objects\final_project.obj
COMPILER INVOKED BY: D:\Keli\C51\BIN\C51.EXE final_project.c OPTIMIZE(8,SPEED) BROWSE DEBUG OBJECTEXTEND PRINT(.\Listing
                    -s\final_project.lst) TABS(2) OBJECT(.\Objects\final_project.obj)

line level    source

   1          #include <reg51.h>
   2          
   3          void main (void){
   4   1        unsigned char SW;
   5   1        SW =P1;
   6   1        switch(SW){
   7   2          case(0):
   8   2          {
   9   3            P0 = 0x03;
  10   3            P2 = 0x00;
  11   3            break;
  12   3          }
  13   2          case(1):
  14   2          {
  15   3            P0 = 0x9F;
  16   3            P2 = 0x01;
  17   3            break;
  18   3          }
  19   2          case(2):
  20   2          {
  21   3            P0 = 0x25;
  22   3            P2 = 0x02;
  23   3            break;
  24   3          }
  25   2          case(3):
  26   2          {
  27   3            P0 = 0x0D;
  28   3            P2 = 0x04;
  29   3            break;
  30   3          }
  31   2          case(4):
  32   2          {
  33   3            P0 = 0x99;
  34   3            P2 = 0x08;
  35   3            break;
  36   3          }
  37   2          case(5):
  38   2          {
  39   3            P0 = 0x49;
  40   3            P2 = 0x10;
  41   3            break;
  42   3          }
  43   2          case(6):
  44   2          {
  45   3            P0 = 0x41;
  46   3            P2 = 0x20;
  47   3            break;
  48   3          }
  49   2          case(7):
  50   2          {
  51   3            P0 = 0x1F;
  52   3            P2 = 0x40;
  53   3            break;
  54   3          }
C51 COMPILER V9.60.7.0   FINAL_PROJECT                                                     11/10/2023 15:22:06 PAGE 2   

  55   2          case(8):
  56   2          {
  57   3            P0 = 0x01;
  58   3            P2 = 0x80;
  59   3            break;
  60   3          }
  61   2        
  62   2        }
  63   1          
  64   1      }


MODULE INFORMATION:   STATIC OVERLAYABLE
   CODE SIZE        =    105    ----
   CONSTANT SIZE    =   ----    ----
   XDATA SIZE       =   ----    ----
   PDATA SIZE       =   ----    ----
   DATA SIZE        =   ----    ----
   IDATA SIZE       =   ----    ----
   BIT SIZE         =   ----    ----
END OF MODULE INFORMATION.


C51 COMPILATION COMPLETE.  0 WARNING(S),  0 ERROR(S)
